<?xml version="1.0" encoding="UTF-8"?>
<!-- Generated by org.testng.reporters.JUnitReportReporter -->
<testsuite hostname="MyPC" failures="0" tests="1" name="examples.UsingParameter" time="7.194" errors="0" timestamp="2024-11-19T18:08:40 IST" skipped="0">
  <testcase classname="examples.UsingParameter" name="loginTest" time="7.194"/>
</testsuite> <!-- examples.UsingParameter -->
