<?xml version="1.0" encoding="UTF-8"?>
<!-- Generated by org.testng.reporters.JUnitReportReporter -->
<testsuite hostname="MyPC" failures="0" tests="1" name="examples.DataProvider2" time="21.312" errors="0" timestamp="2024-11-19T17:44:58 IST" skipped="0">
  <testcase classname="examples.DataProvider2" name="login" time="21.312"/>
</testsuite> <!-- examples.DataProvider2 -->
