<?xml version="1.0" encoding="UTF-8"?>
<!-- Generated by org.testng.reporters.JUnitReportReporter -->
<testsuite hostname="MyPC" failures="0" tests="1" name="examples.SoftAssertions1" time="7.865" errors="0" timestamp="2024-11-22T17:34:42 IST" skipped="0">
  <testcase classname="examples.SoftAssertions1" name="example" time="7.865"/>
</testsuite> <!-- examples.SoftAssertions1 -->
