<?xml version="1.0" encoding="UTF-8"?>
<!-- Generated by org.testng.reporters.JUnitReportReporter -->
<testsuite hostname="MyPC" failures="0" tests="1" name="examples.Assertion3" time="0.018" errors="0" timestamp="2024-11-22T17:29:18 IST" skipped="0">
  <testcase classname="examples.Assertion3" name="testSoftAssertions" time="0.018"/>
</testsuite> <!-- examples.Assertion3 -->
