<?xml version="1.0" encoding="UTF-8"?>
<!-- Generated by org.testng.reporters.JUnitReportReporter -->
<testsuite hostname="MyPC" failures="0" tests="3" name="examples.DataProvider" time="65.882" errors="0" timestamp="2024-11-19T17:14:20 IST" skipped="0">
  <testcase classname="examples.DataProvider" name="login" time="21.752"/>
  <testcase classname="examples.DataProvider" name="login" time="22.343"/>
  <testcase classname="examples.DataProvider" name="login" time="21.787"/>
</testsuite> <!-- examples.DataProvider -->
